{"name": "Ошибка авторизации без обязательных полей", "status": "failed", "statusDetails": {"message": "AssertionError: assert 504 == 400\n +  where 504 = <Response [504]>.status_code", "trace": "self = <test_login_courier.TestLoginCourier object at 0x000001B3D282E350>, courier_api = <api.courier.CourierApi object at 0x000001B3D27E3200>, random_courier_payload = {'firstName': 'kyyjshuyan', 'login': 'ndljlfxzlz', 'password': 'bvapvtyrqg'}\nlogin_delete_courier = <function login_delete_courier.<locals>.delete_courier at 0x000001B3D2918180>\n\n    @allure.title(\"Ошибка авторизации без обязательных полей\")\n    @allure.description(\"Проверка что для авторизации нужны все обязательные поля\")\n    def test_authorization_no_required_fields_error(self, courier_api, random_courier_payload, login_delete_courier):\n        courier_api.create_courier(payload=random_courier_payload)\n        response = courier_api.login_courier(payload={})\n>       assert response.status_code == 400\nE       assert 504 == 400\nE        +  where 504 = <Response [504]>.status_code\n\ntests\\test_login_courier.py:25: AssertionError"}, "description": "Проверка что для авторизации нужны все обязательные поля", "start": 1760758378229, "stop": 1760758438690, "uuid": "35d8f12d-fc06-484d-8986-0775cb71de06", "historyId": "99bf763a0d7f2214127ab710f7e3d17d", "testCaseId": "99bf763a0d7f2214127ab710f7e3d17d", "fullName": "tests.test_login_courier.TestLoginCourier#test_authorization_no_required_fields_error", "labels": [{"name": "parentSuite", "value": "tests"}, {"name": "suite", "value": "test_login_courier"}, {"name": "subSuite", "value": "TestLoginCourier"}, {"name": "host", "value": "DESKTOP-2C7V3AB"}, {"name": "thread", "value": "7336-MainThread"}, {"name": "framework", "value": "pytest"}, {"name": "language", "value": "cpython3"}, {"name": "package", "value": "tests.test_login_courier"}], "titlePath": ["tests", "test_login_courier.py", "TestLoginCourier"]}