{"name": "Ошибка при отсутствии обязательного поля firstName", "status": "failed", "statusDetails": {"message": "AssertionError: assert 201 == 400\n +  where 201 = <Response [201]>.status_code", "trace": "self = <test_create_courier.TestCreateCourier object at 0x000001C6574E0380>, courier_api = <api.courier.CourierApi object at 0x000001C657504A70>, random_courier_payload = {'firstName': 'fmyrfrumwc', 'login': 'frcrwdkzpp', 'password': 'mgfrvundtd'}\n\n    @allure.title(\"Ошибка при отсутствии обязательного поля firstName\")\n    @allure.description(\"Проверка что без firstName возвращается ошибка\")\n    def test_empty_required_firstname_return_error(self, courier_api, random_courier_payload):\n        response = courier_api.create_courier(payload={\n            \"login\": random_courier_payload['login'],\n            \"password\": random_courier_payload['password']\n        })\n>       assert response.status_code == 400\nE       assert 201 == 400\nE        +  where 201 = <Response [201]>.status_code\n\ntests\\test_create_courier.py:42: AssertionError"}, "description": "Проверка что без firstName возвращается ошибка", "start": 1760562404374, "stop": 1760562404622, "uuid": "1ded30d7-0293-4908-b98a-929ba1c39fa1", "historyId": "b5a006e78d2088f19fb14c8b08d5c9d9", "testCaseId": "b5a006e78d2088f19fb14c8b08d5c9d9", "fullName": "tests.test_create_courier.TestCreateCourier#test_empty_required_firstname_return_error", "labels": [{"name": "parentSuite", "value": "tests"}, {"name": "suite", "value": "test_create_courier"}, {"name": "subSuite", "value": "TestCreateCourier"}, {"name": "host", "value": "DESKTOP-2C7V3AB"}, {"name": "thread", "value": "20516-MainThread"}, {"name": "framework", "value": "pytest"}, {"name": "language", "value": "cpython3"}, {"name": "package", "value": "tests.test_create_courier"}], "titlePath": ["tests", "test_create_courier.py", "TestCreateCourier"]}