{"name": "Создание курьера без обязательного поля firstName", "status": "failed", "statusDetails": {"message": "AssertionError: assert 201 == 400\n +  where 201 = <Response [201]>.status_code", "trace": "self = <test_create_courier.TestCreateCourier object at 0x000001B3D27D7BF0>, courier_api = <api.courier.CourierApi object at 0x000001B3D26FBE10>, random_courier_payload = {'firstName': 'kgqrummlpm', 'login': 'lfgbuthigb', 'password': 'ifjwmefypo'}\n\n    @allure.title(\"Создание курьера без обязательного поля firstName\")\n    @allure.description(\"Проверка что без firstName возвращается ошибка\")\n    def test_create_no_required_firstname_return_error(self, courier_api, random_courier_payload):\n        with allure.step(\"Создать курьера без поля firstName\"):\n            response = courier_api.create_courier(payload={\n                \"login\": random_courier_payload['login'],\n                \"password\": random_courier_payload['password']\n            })\n        with allure.step(\"Проверить ошибку валидации\"):\n>           assert response.status_code == 400\nE           assert 201 == 400\nE            +  where 201 = <Response [201]>.status_code\n\ntests\\test_create_courier.py:58: AssertionError"}, "description": "Проверка что без firstName возвращается ошибка", "steps": [{"name": "Создать курьера без поля firstName", "status": "passed", "start": 1760758372094, "stop": 1760758372334}, {"name": "Проверить ошибку валидации", "status": "failed", "statusDetails": {"message": "AssertionError: assert 201 == 400\n +  where 201 = <Response [201]>.status_code\n", "trace": "  File \"C:\\Users\\User\\Documents\\Sprint_7\\tests\\test_create_courier.py\", line 58, in test_create_no_required_firstname_return_error\n    assert response.status_code == 400\n"}, "start": 1760758372334, "stop": 1760758372334}], "start": 1760758372094, "stop": 1760758372334, "uuid": "6ae9b2ba-e8af-45e7-90d5-e8b676f370e4", "historyId": "fdf138be736556846ae2fcdcb8eb722b", "testCaseId": "fdf138be736556846ae2fcdcb8eb722b", "fullName": "tests.test_create_courier.TestCreateCourier#test_create_no_required_firstname_return_error", "labels": [{"name": "parentSuite", "value": "tests"}, {"name": "suite", "value": "test_create_courier"}, {"name": "subSuite", "value": "TestCreateCourier"}, {"name": "host", "value": "DESKTOP-2C7V3AB"}, {"name": "thread", "value": "7336-MainThread"}, {"name": "framework", "value": "pytest"}, {"name": "language", "value": "cpython3"}, {"name": "package", "value": "tests.test_create_courier"}], "titlePath": ["tests", "test_create_courier.py", "TestCreateCourier"]}